[debug] [2022-11-28T14:38:32.826Z] ----------------------------------------------------------------------
[debug] [2022-11-28T14:38:32.831Z] Command:       C:\Program Files\nodejs\node.exe C:\Users\BIBEK\AppData\Roaming\npm\node_modules\firebase-tools\lib\bin\firebase.js deploy
[debug] [2022-11-28T14:38:32.832Z] CLI Version:   11.15.0
[debug] [2022-11-28T14:38:32.833Z] Platform:      win32
[debug] [2022-11-28T14:38:32.833Z] Node Version:  v16.15.1
[debug] [2022-11-28T14:38:32.839Z] Time:          Mon Nov 28 2022 20:38:32 GMT+0600 (Bangladesh Standard Time)
[debug] [2022-11-28T14:38:32.839Z] ----------------------------------------------------------------------
[debug] 
[debug] [2022-11-28T14:38:33.031Z] > command requires scopes: ["email","openid","https://www.googleapis.com/auth/cloudplatformprojects.readonly","https://www.googleapis.com/auth/firebase","https://www.googleapis.com/auth/cloud-platform"]
[debug] [2022-11-28T14:38:33.032Z] > authorizing via signed-in user (bibek100bain@gmail.com)
[debug] [2022-11-28T14:38:33.033Z] [iam] checking project laptop-bazar-assignment12 for permissions ["firebase.projects.get","firebasehosting.sites.update"]
[debug] [2022-11-28T14:38:33.038Z] >>> [apiv2][query] POST https://cloudresourcemanager.googleapis.com/v1/projects/laptop-bazar-assignment12:testIamPermissions [none]
[debug] [2022-11-28T14:38:33.039Z] >>> [apiv2][(partial)header] POST https://cloudresourcemanager.googleapis.com/v1/projects/laptop-bazar-assignment12:testIamPermissions x-goog-quota-user=projects/laptop-bazar-assignment12
[debug] [2022-11-28T14:38:33.039Z] >>> [apiv2][body] POST https://cloudresourcemanager.googleapis.com/v1/projects/laptop-bazar-assignment12:testIamPermissions {"permissions":["firebase.projects.get","firebasehosting.sites.update"]}
[debug] [2022-11-28T14:38:33.104Z] [iam] error while checking permissions, command may fail: FirebaseError: Failed to make request to https://cloudresourcemanager.googleapis.com/v1/projects/laptop-bazar-assignment12:testIamPermissions
[debug] [2022-11-28T14:38:33.106Z] >>> [apiv2][query] GET https://firebase.googleapis.com/v1beta1/projects/laptop-bazar-assignment12 [none]
[debug] [2022-11-28T14:38:33.140Z] Failed to make request to https://firebase.googleapis.com/v1beta1/projects/laptop-bazar-assignment12
[debug] [2022-11-28T14:38:33.172Z] FirebaseError: Failed to make request to https://firebase.googleapis.com/v1beta1/projects/laptop-bazar-assignment12
    at RetryOperation._fn (C:\Users\BIBEK\AppData\Roaming\npm\node_modules\firebase-tools\lib\apiv2.js:242:31)
    at processTicksAndRejections (node:internal/process/task_queues:96:5)
[error] 
[error] Error: Failed to get Firebase project laptop-bazar-assignment12. Please make sure the project exists and your account has permission to access it.
